<?xml version="1.0" encoding="UTF-8"?>
<!-- Generated by org.testng.reporters.JUnitReportReporter -->
<testsuite hostname="DESKTOP-L335FGR" failures="0" tests="2" name="com.TestCases.ConfirmationTestCases" time="11.342" errors="0" timestamp="2025-08-06T19:16:58 IST" skipped="0">
  <testcase classname="com.TestCases.ConfirmationTestCases" name="validateConfirmationMessage" time="5.415"/>
  <testcase classname="com.TestCases.ConfirmationTestCases" name="validateHomeButton" time="5.927"/>
</testsuite> <!-- com.TestCases.ConfirmationTestCases -->
