<?xml version="1.0" encoding="UTF-8"?>
<!-- Generated by org.testng.reporters.JUnitReportReporter -->
<testsuite hostname="DESKTOP-L335FGR" failures="0" tests="3" name="com.TestCases.InventoryPageTestCases" time="12.967" errors="0" timestamp="2025-07-28T20:33:17 IST" skipped="0">
  <testcase classname="com.TestCases.InventoryPageTestCases" name="validateProductLinkClickFunctionality" time="3.904"/>
  <testcase classname="com.TestCases.InventoryPageTestCases" name="addToCartFunctionality" time="3.875"/>
  <testcase classname="com.TestCases.InventoryPageTestCases" name="addMultipleProducstoCart" time="5.188"/>
</testsuite> <!-- com.TestCases.InventoryPageTestCases -->
