<?xml version="1.0" encoding="UTF-8"?>
<!-- Generated by org.testng.reporters.JUnitReportReporter -->
<testsuite hostname="DESKTOP-L335FGR" failures="0" tests="3" name="com.TestCases.LoginPageTestCases" time="15.035" errors="0" timestamp="2025-07-31T07:46:55 IST" skipped="0">
  <testcase classname="com.TestCases.LoginPageTestCases" name="doLogin" time="4.122"/>
  <testcase classname="com.TestCases.LoginPageTestCases" name="validateLogin" time="7.043"/>
  <testcase classname="com.TestCases.LoginPageTestCases" name="validateLogin" time="3.870"/>
</testsuite> <!-- com.TestCases.LoginPageTestCases -->
