<?xml version="1.0" encoding="UTF-8"?>
<!-- Generated by org.testng.reporters.JUnitReportReporter -->
<testsuite hostname="DESKTOP-L335FGR" failures="0" tests="3" name="com.TestCases.LoginPageTestCases" time="10.716" errors="0" timestamp="2025-07-28T20:33:17 IST" skipped="0">
  <testcase classname="com.TestCases.LoginPageTestCases" name="doLogin" time="3.770"/>
  <testcase classname="com.TestCases.LoginPageTestCases" name="validateLogin" time="3.581"/>
  <testcase classname="com.TestCases.LoginPageTestCases" name="validateLogin" time="3.365"/>
</testsuite> <!-- com.TestCases.LoginPageTestCases -->
