<?xml version="1.0" encoding="UTF-8"?>
<!-- Generated by org.testng.reporters.JUnitReportReporter -->
<testsuite hostname="DESKTOP-L335FGR" failures="0" tests="2" name="com.TestCases.OverviewPageTestCases" time="11.083" errors="0" timestamp="2025-08-06T18:54:21 IST" skipped="0">
  <testcase classname="com.TestCases.OverviewPageTestCases" name="finishCheckout" time="5.851"/>
  <testcase classname="com.TestCases.OverviewPageTestCases" name="cancelCheckout" time="5.232"/>
</testsuite> <!-- com.TestCases.OverviewPageTestCases -->
