<?xml version="1.0" encoding="UTF-8"?>
<!-- Generated by org.testng.reporters.JUnitReportReporter -->
<testsuite hostname="DESKTOP-L335FGR" failures="0" tests="1" name="com.TestCases.CartPageTestCases" time="5.147" errors="0" timestamp="2025-07-27T20:54:15 IST" skipped="0">
  <testcase classname="com.TestCases.CartPageTestCases" name="checkoutButtonFunctionality" time="5.147"/>
</testsuite> <!-- com.TestCases.CartPageTestCases -->
