<?xml version="1.0" encoding="UTF-8"?>
<!-- Generated by org.testng.reporters.JUnitReportReporter -->
<testsuite hostname="DESKTOP-L335FGR" failures="0" tests="2" name="com.TestCases.CheckoutTestCases" time="11.583" errors="0" timestamp="2025-08-06T18:33:40 IST" skipped="0">
  <testcase classname="com.TestCases.CheckoutTestCases" name="doCheckout" time="5.698"/>
  <testcase classname="com.TestCases.CheckoutTestCases" name="cancelCheckout" time="5.885"/>
</testsuite> <!-- com.TestCases.CheckoutTestCases -->
