<?xml version="1.0" encoding="UTF-8"?>
<!-- Generated by org.testng.reporters.JUnitReportReporter -->
<testsuite hostname="DESKTOP-L335FGR" failures="0" tests="2" name="com.TestCases.OverviewPageTestCases" time="9.263" errors="0" timestamp="2025-07-28T20:33:17 IST" skipped="0">
  <testcase classname="com.TestCases.OverviewPageTestCases" name="finishCheckout" time="4.727"/>
  <testcase classname="com.TestCases.OverviewPageTestCases" name="cancelCheckout" time="4.536"/>
</testsuite> <!-- com.TestCases.OverviewPageTestCases -->
