<?xml version="1.0" encoding="UTF-8"?>
<!-- Generated by org.testng.reporters.JUnitReportReporter -->
<testsuite hostname="DESKTOP-L335FGR" failures="0" tests="1" name="com.TestCases.CheckoutTestCases" time="5.498" errors="0" timestamp="2025-07-28T20:33:17 IST" skipped="0">
  <testcase classname="com.TestCases.CheckoutTestCases" name="doCheckout" time="5.498"/>
</testsuite> <!-- com.TestCases.CheckoutTestCases -->
