<?xml version="1.0" encoding="UTF-8"?>
<!-- Generated by org.testng.reporters.JUnitReportReporter -->
<testsuite hostname="DESKTOP-L335FGR" failures="0" tests="3" name="com.TestCases.LoginPageTestCases" time="10.897" errors="0" timestamp="2025-07-27T18:24:52 IST" skipped="0">
  <testcase classname="com.TestCases.LoginPageTestCases" name="doLogin" time="3.721"/>
  <testcase classname="com.TestCases.LoginPageTestCases" name="validateLogin" time="3.631"/>
  <testcase classname="com.TestCases.LoginPageTestCases" name="validateLogin" time="3.545"/>
</testsuite> <!-- com.TestCases.LoginPageTestCases -->
