<?xml version="1.0" encoding="UTF-8"?>
<!-- Generated by org.testng.reporters.JUnitReportReporter -->
<testsuite hostname="DESKTOP-L335FGR" failures="0" tests="3" name="com.TestCases.InventoryPageTestCases" time="14.926" errors="0" timestamp="2025-07-27T18:24:52 IST" skipped="0">
  <testcase classname="com.TestCases.InventoryPageTestCases" name="validateProductLinkClickFunctionality" time="4.196"/>
  <testcase classname="com.TestCases.InventoryPageTestCases" name="addToCartFunctionality" time="6.159"/>
  <testcase classname="com.TestCases.InventoryPageTestCases" name="addMultipleProducstoCart" time="4.571"/>
</testsuite> <!-- com.TestCases.InventoryPageTestCases -->
